[debug] [2021-03-17T06:49:16.144Z] ----------------------------------------------------------------------
[debug] [2021-03-17T06:49:16.147Z] Command:       C:\Program Files\nodejs\node.exe C:\Users\kokyi\AppData\Roaming\npm\node_modules\firebase-tools\lib\bin\firebase.js init
[debug] [2021-03-17T06:49:16.148Z] CLI Version:   9.6.1
[debug] [2021-03-17T06:49:16.148Z] Platform:      win32
[debug] [2021-03-17T06:49:16.148Z] Node Version:  v14.15.4
[debug] [2021-03-17T06:49:16.151Z] Time:          Wed Mar 17 2021 14:49:16 GMT+0800 (Singapore Standard Time)
[debug] [2021-03-17T06:49:16.151Z] ----------------------------------------------------------------------
[debug] [2021-03-17T06:49:16.151Z] 
[debug] [2021-03-17T06:49:16.167Z] > command requires scopes: ["email","openid","https://www.googleapis.com/auth/cloudplatformprojects.readonly","https://www.googleapis.com/auth/firebase","https://www.googleapis.com/auth/cloud-platform"]
[debug] [2021-03-17T06:49:16.169Z] > authorizing via signed-in user
[info] 
     ######## #### ########  ######## ########     ###     ######  ########
     ##        ##  ##     ## ##       ##     ##  ##   ##  ##       ##
     ######    ##  ########  ######   ########  #########  ######  ######
     ##        ##  ##    ##  ##       ##     ## ##     ##       ## ##
     ##       #### ##     ## ######## ########  ##     ##  ######  ########

You're about to initialize a Firebase project in this directory:

  C:\Users\kokyi\Downloads\BT3103\bt3103-week-6draft\bt3103-week-6

[info] 
=== Project Setup
[info] 
[info] First, let's associate this project directory with a Firebase project.
[info] You can create multiple project aliases by running firebase use --add, 
[info] but for now we'll just set up a default project.
[info] 
[debug] [2021-03-17T06:51:38.430Z] >>> [apiv2][query] GET https://firebase.googleapis.com/v1beta1/projects pageSize=100
[debug] [2021-03-17T06:51:39.021Z] <<< [apiv2][status] GET https://firebase.googleapis.com/v1beta1/projects 200
[debug] [2021-03-17T06:51:39.022Z] <<< [apiv2][body] GET https://firebase.googleapis.com/v1beta1/projects [omitted]
[info] i  Using project bt3103-week-6-1548c (bt3103-week-6draft) 
[info] 
=== Hosting Setup
[info] 
[info] Your public directory is the folder (relative to your project directory) that
[info] will contain Hosting assets to be uploaded with firebase deploy. If you
[info] have a build process for your assets, use your build's output directory.
[info] 
